0 verbose cli [
0 verbose cli   '/opt/conda/bin/node',
0 verbose cli   '/opt/conda/bin/npm',
0 verbose cli   'cache',
0 verbose cli   'clean',
0 verbose cli   '--force'
0 verbose cli ]
1 info using npm@8.5.5
2 info using node@v17.9.0
3 timing npm:load:whichnode Completed in 0ms
4 timing config:load:defaults Completed in 1ms
5 timing config:load:file:/opt/conda/lib/node_modules/npm/npmrc Completed in 2ms
6 timing config:load:builtin Completed in 3ms
7 timing config:load:cli Completed in 2ms
8 timing config:load:env Completed in 1ms
9 timing config:load:file:/tmp/.npmrc Completed in 3ms
10 timing config:load:project Completed in 13ms
11 timing config:load:file:/home/jovyan/.npmrc Completed in 0ms
12 timing config:load:user Completed in 0ms
13 timing config:load:file:/opt/conda/etc/npmrc Completed in 0ms
14 timing config:load:global Completed in 0ms
15 timing config:load:validate Completed in 0ms
16 timing config:load:credentials Completed in 1ms
17 timing config:load:setEnvs Completed in 1ms
18 timing config:load Completed in 23ms
19 timing npm:load:configload Completed in 23ms
20 timing npm:load:setTitle Completed in 0ms
21 timing config:load:flatten Completed in 3ms
22 timing npm:load:display Completed in 3ms
23 verbose logfile /home/jovyan/.npm/_logs/2022-10-17T05_47_19_581Z-debug-0.log
24 timing npm:load:logFile Completed in 6ms
25 timing npm:load:timers Completed in 0ms
26 timing npm:load:configScope Completed in 0ms
27 warn using --force Recommended protections disabled.
28 timing npm:load Completed in 35ms
29 timing command:cache Completed in 11ms
30 verbose exit 0
31 timing npm Completed in 199ms
32 info ok
